old   1: CREATE USER &DEMO_USER IDENTIFIED BY &DEMO_USER
new   1: CREATE USER trapit IDENTIFIED BY trapit

User created.

old   1: GRANT CREATE SESSION TO &DEMO_USER
new   1: GRANT CREATE SESSION TO trapit

Grant succeeded.

old   1: GRANT ALTER SESSION TO &DEMO_USER
new   1: GRANT ALTER SESSION TO trapit

Grant succeeded.

old   1: GRANT CREATE TABLE TO &DEMO_USER
new   1: GRANT CREATE TABLE TO trapit

Grant succeeded.

old   1: GRANT CREATE TYPE TO &DEMO_USER
new   1: GRANT CREATE TYPE TO trapit

Grant succeeded.

old   1: GRANT CREATE PUBLIC SYNONYM TO &DEMO_USER
new   1: GRANT CREATE PUBLIC SYNONYM TO trapit

Grant succeeded.

old   1: GRANT CREATE SYNONYM TO &DEMO_USER
new   1: GRANT CREATE SYNONYM TO trapit

Grant succeeded.

old   1: GRANT CREATE SEQUENCE TO &DEMO_USER
new   1: GRANT CREATE SEQUENCE TO trapit

Grant succeeded.

old   1: GRANT CREATE VIEW TO &DEMO_USER
new   1: GRANT CREATE VIEW TO trapit

Grant succeeded.

old   1: GRANT UNLIMITED TABLESPACE TO &DEMO_USER
new   1: GRANT UNLIMITED TABLESPACE TO trapit

Grant succeeded.

old   1: GRANT CREATE PROCEDURE TO &DEMO_USER
new   1: GRANT CREATE PROCEDURE TO trapit

Grant succeeded.

old   1: GRANT INHERIT PRIVILEGES ON USER sys TO &DEMO_USER
new   1: GRANT INHERIT PRIVILEGES ON USER sys TO trapit

Grant succeeded.

Directory input_dir - change to a writeable directory on your system

Directory created.


Grant succeeded.


Grant succeeded.

