Grant all on employees to trapit
old   1: GRANT ALL ON employees TO &DEMO_USER
new   1: GRANT ALL ON employees TO trapit

Grant succeeded.

Grant all on departments to trapit
old   1: GRANT ALL ON departments TO &DEMO_USER
new   1: GRANT ALL ON departments TO trapit

Grant succeeded.

Grant all on employees_seq to trapit
old   1: GRANT ALL ON employees_seq TO &DEMO_USER
new   1: GRANT ALL ON employees_seq TO trapit

Grant succeeded.

Drop ttid from employees, then update_date

Table altered.


Table altered.

Drop and recreate err$_employees via DBMS_ERRLOG.create_error_log

Table dropped.


PL/SQL procedure successfully completed.

Add job_statistic_id to err$_employees

Table altered.

Add ttid to err$_employees

Table altered.

old   1: GRANT ALL ON err$_employees TO &DEMO_USER
new   1: GRANT ALL ON err$_employees TO trapit

Grant succeeded.

Add update_date, then ttid to employees

Table altered.


107 rows updated.


Table altered.

