
Database             Time                 Version
-------------------- -------------------- ------------------------------
Start: ORCL          01-NOV-2019 07:02:23 Version 19.3.0.0.0


PL/SQL procedure successfully completed.

Lines

  ID PLSQL_UNI API_NM     LNO At           TEXT
---- --------- --------- ---- ------------ ------------------------------------------------------------------------------------------
   1                        1 07:02:23.316 Call Emp_WS.Save_Emps to save a list of employees passed...
   1                        2 07:02:23.324 ===========================================================
   1                        3 07:02:23.337 DBMS_Application_Info: Module = EMP_WS: Log id 2
   1                        4 07:02:23.337 ...................... Action = Log id 2 closed at 01-Nov-2019 07:02:23
   1                        5 07:02:23.337 ...................... Client Info = Exit: Save_Emps, 2 inserted
   1                        6 07:02:23.337 Print the records returned...
   1                        7 07:02:23.338 =============================
   1                        8 07:02:23.338 207 - TWO HUNDRED SEVEN
   1                        9 07:02:23.338 208 - TWO HUNDRED EIGHT
   1                       10 07:02:23.338
   1                       11 07:02:23.338 Call Emp_WS.Get_Dept_Emps to get employees for a department...
   1                       12 07:02:23.338 ==============================================================
   1                       13 07:02:23.344 DBMS_Application_Info: Module = EMP_WS: Log id 3
   1                       14 07:02:23.344 ...................... Action = Log id 3 closed at 01-Nov-2019 07:02:23
   1                       15 07:02:23.344 ...................... Client Info = Exit: Get_Dept_Emps
   1                       16 07:02:23.344 Call Utils.Cursor_To_List to read output cursor into delimited list...
   1                       17 07:02:23.344 ======================================================================
   1                       18 07:02:23.358
   1                       19 07:02:23.358 Call Utils.Write_File to create a file for loading employees...
   1                       20 07:02:23.358 ===============================================================
   1                       21 07:02:23.362
   1                       22 07:02:23.362 Call Emp_Batch.Load_Emps to load employee data from file just created...
   1                       23 07:02:23.362 ========================================================================
   4 EMP_BATCH LOAD_EMPS    1 07:02:23.363 Enter LOAD_EMPS
   4 EMP_BATCH LOAD_EMPS    2 07:02:23.366 check_Not_Processed done
   4 EMP_BATCH LOAD_EMPS    3 07:02:23.613 merge_Emp updated: 0
   4 EMP_BATCH LOAD_EMPS    4 07:02:23.670 insert_Emp inserted: 2
   4 EMP_BATCH LOAD_EMPS    5 07:02:23.672 insert_Err, l_fail_threshold_perc: 70
   4 EMP_BATCH LOAD_EMPS    6 07:02:23.726 insert_Err, INSERT err$_employees: 0
   4 EMP_BATCH LOAD_EMPS    7 07:02:23.728 insert_Err, l_n_errors_db: 0
   4 EMP_BATCH LOAD_EMPS    8 07:02:23.781 insert_Err, l_n_errors_et: 0
   4 EMP_BATCH LOAD_EMPS    9 07:02:23.785 insert_Err, ins_Jbs, l_uid: 1
   4 EMP_BATCH LOAD_EMPS   10 07:02:23.786 insert_Err, UPDATE err$_employees: 0
   4 EMP_BATCH LOAD_EMPS   11 07:02:23.786 Exit: LOAD_EMPS
   1                       24 07:02:23.786 DBMS_Application_Info: Module = EMP_BATCH: Log id 4
   1                       25 07:02:23.786 ...................... Action = Log id 4 closed at 01-Nov-2019 07:02:23
   1                       26 07:02:23.786 ...................... Client Info = Exit: LOAD_EMPS
   1                       27 07:02:23.787
   1                       28 07:02:23.787 Call Utils.View_To_List to list employees with last name 'B%', print records returned...
   1                       29 07:02:23.787 ========================================================================================
   1                       30 07:02:23.797
   1                       31 07:02:23.797 Call to Timer_Set.Format_Results gives summary table of timings...
   1                       32 07:02:23.797 ==================================================================
   1                       33 07:02:23.797
   1                       34 07:02:23.898 Timer Set: api_driver, Constructed at 01 Nov 2019 07:02:23, written at 07:02:23
   1                       35 07:02:23.898 ===============================================================================
   1                       36 07:02:23.899 Timer             Elapsed         CPU       Calls       Ela/Call       CPU/Call
   1                       37 07:02:23.899 -------------  ----------  ----------  ----------  -------------  -------------
   1                       38 07:02:23.899 Save_Emps            0.03        0.02           1        0.02800        0.02000
   1                       39 07:02:23.899 Get_Dept_Emps        0.01        0.00           1        0.00700        0.00000
   1                       40 07:02:23.899 Write_File           0.02        0.01           1        0.01800        0.01000
   1                       41 07:02:23.899 Load_Emps            0.42        0.15           1        0.42400        0.15000
   1                       42 07:02:23.899 Delete_File          0.00        0.00           1        0.00100        0.00000
   1                       43 07:02:23.899 View_To_List         0.01        0.01           1        0.01000        0.01000
   1                       44 07:02:23.899 (Other)              0.00        0.00           1        0.00000        0.00000
   1                       45 07:02:23.899 -------------  ----------  ----------  ----------  -------------  -------------
   1                       46 07:02:23.899 Total                0.49        0.19           7        0.06971        0.02714
   1                       47 07:02:23.899 -------------  ----------  ----------  ----------  -------------  -------------
   1                       48 07:02:23.900 [Timer timed (per call in ms): Elapsed: 0.00714, CPU: 0.00714]

59 rows selected.

Errors

  ID  LNO ERR_MSG                  ERROR_BACKTRACE        CALL_STACK
---- ---- ------------------------ ---------------------- -----------------------------------------------------------------------
   5    1 ORA-01403: no data found ORA-06512: at line 130 ----- PL/SQL Call Stack -----
                                                            object      line  object
                                                            handle    number  name
                                                          00007FF9D5837E98       740  package body LIB.LOG_SET.WRITE_OTHER_ERROR
                                                          00007FF9D5391738       134  anonymous block


Delete the logs, rollback the saved employees, and delete job statistics for this demo to facilitate repeated running in a session

PL/SQL procedure successfully completed.


Rollback complete.


1 row deleted.


Commit complete.


'END:'||TO_CHAR(SYSDATE,'DD-MON-YY
----------------------------------
End: 01-NOV-2019 07:02:24

