
Database             Time                 Version
-------------------- -------------------- ------------------------------
Start: ORCL          27-JUN-2021 12:38:01 Version 19.3.0.0.0

Creating synonyms for lib Jobs components...
old   1: CREATE OR REPLACE SYNONYM job_statistics_seq FOR &lib..job_statistics_seq
new   1: CREATE OR REPLACE SYNONYM job_statistics_seq FOR lib.job_statistics_seq

Synonym created.

old   1: CREATE OR REPLACE SYNONYM batch_jobs FOR &lib..batch_jobs
new   1: CREATE OR REPLACE SYNONYM batch_jobs FOR lib.batch_jobs

Synonym created.

old   1: CREATE OR REPLACE SYNONYM job_statistics FOR &lib..job_statistics
new   1: CREATE OR REPLACE SYNONYM job_statistics FOR lib.job_statistics

Synonym created.

old   1: CREATE OR REPLACE SYNONYM job_statistics_v FOR &lib..job_statistics_v
new   1: CREATE OR REPLACE SYNONYM job_statistics_v FOR lib.job_statistics_v

Synonym created.

old   1: CREATE OR REPLACE SYNONYM DML_API_Jobs FOR &lib..DML_API_Jobs
new   1: CREATE OR REPLACE SYNONYM DML_API_Jobs FOR lib.DML_API_Jobs

Synonym created.

Input types creation

Type dropped.


Type created.


Type created.

Output types creation

Type dropped.


Type created.


Type created.

HR synonyms AND views creation
==============================

Synonym created.


Synonym created.

employees view

View created.

err$_employees view

View created.

hr_test_view_v view

View created.

Create employees_et

Table dropped.


Table created.

Seed batch_jobs record for load_employees
BEGIN
*
ERROR at line 1:
ORA-00001: unique constraint (LIB.BJB_PK) violated
ORA-06512: at "LIB.DML_API_JOBS", line 44
ORA-06512: at line 3


Add the ut records
old   2:   Trapit.Add_Ttu('TT_EMP_BATCH',    'Purely_Wrap_Load_Emps',      '&APP', 'Y', 'tt_emp_batch.purely_wrap_load_emps_inp.json');
new   2:   Trapit.Add_Ttu('TT_EMP_BATCH',    'Purely_Wrap_Load_Emps',      'app', 'Y', 'tt_emp_batch.purely_wrap_load_emps_inp.json');
old   3:   Trapit.Add_Ttu('TT_EMP_WS',       'Purely_Wrap_Get_Dept_Emps',  '&APP', 'Y', 'tt_emp_ws.purely_wrap_get_dept_emps_inp.json');
new   3:   Trapit.Add_Ttu('TT_EMP_WS',       'Purely_Wrap_Get_Dept_Emps',  'app', 'Y', 'tt_emp_ws.purely_wrap_get_dept_emps_inp.json');
old   4:   Trapit.Add_Ttu('TT_EMP_WS',       'Purely_Wrap_Save_Emps',      '&APP', 'Y', 'tt_emp_ws.purely_wrap_save_emps_inp.json');
new   4:   Trapit.Add_Ttu('TT_EMP_WS',       'Purely_Wrap_Save_Emps',      'app', 'Y', 'tt_emp_ws.purely_wrap_save_emps_inp.json');
old   5:   Trapit.Add_Ttu('TT_VIEW_DRIVERS', 'Purely_Wrap_HR_Test_View_V', '&APP', 'Y', 'tt_view_drivers.purely_wrap_hr_test_view_v_inp.json');
new   5:   Trapit.Add_Ttu('TT_VIEW_DRIVERS', 'Purely_Wrap_HR_Test_View_V', 'app', 'Y', 'tt_view_drivers.purely_wrap_hr_test_view_v_inp.json');

PL/SQL procedure successfully completed.

Packages creation
=================
Create package DML_API_TT_HR

Package created.

No errors.

Package created.


Package body created.

No errors.
Create package Emp_WS

Package created.


Package body created.

No errors.
Create package TT_Emp_WS

Package created.


Package body created.

No errors.
Create Emp_Batch package

Package created.

No errors.

Package body created.

No errors.
Create TT_Emp_Batch package

Package created.

No errors.

Package body created.

No errors.
Create package TT_View_Drivers

Package created.


Package body created.

No errors.

'END:'||TO_CHAR(SYSDATE,'DD-MON-YY
----------------------------------
End: 27-JUN-2021 12:38:01

