  FROM v$database dbs,  v$version ver
       *
ERROR at line 3:
ORA-00942: table or view does not exist


Grant all on employees to app
old   1: GRANT ALL ON employees TO &app
new   1: GRANT ALL ON employees TO app

Grant succeeded.

Grant all on departments to app
old   1: GRANT ALL ON departments TO &app
new   1: GRANT ALL ON departments TO app

Grant succeeded.

Grant all on employees_seq to app
old   1: GRANT ALL ON employees_seq TO &app
new   1: GRANT ALL ON employees_seq TO app

Grant succeeded.

Add update_date, then ttid to employees

Table altered.


107 rows updated.


Table altered.

Drop and recreate err$_employees via DBMS_ERRLOG.create_error_log
DROP TABLE err$_employees
           *
ERROR at line 1:
ORA-00942: table or view does not exist



PL/SQL procedure successfully completed.

Add job_statistic_id to err$_employees

Table altered.

old   1: GRANT ALL ON err$_employees TO &app
new   1: GRANT ALL ON err$_employees TO app

Grant succeeded.


'END:'||TO_CHAR(SYSDATE,'DD-MON-YY
----------------------------------
End: 10-NOV-2019 13:52:47

