
Database             Time                 Version
-------------------- -------------------- ------------------------------
Start: ORCL          24-SEP-2019 07:06:23 Version 18.3.0.0.0

Revoke all on employees to install_hr
old   1: REVOKE ALL ON employees FROM &app
new   1: REVOKE ALL ON employees FROM install_hr
REVOKE ALL ON employees FROM install_hr
                             *
ERROR at line 1:
ORA-01917: user or role 'INSTALL_HR' does not exist


Revoke all on departments to install_hr
old   1: REVOKE ALL ON departments FROM &app
new   1: REVOKE ALL ON departments FROM install_hr
REVOKE ALL ON departments FROM install_hr
                               *
ERROR at line 1:
ORA-01917: user or role 'INSTALL_HR' does not exist


Revoke all on employees_seq to install_hr
old   1: REVOKE ALL ON employees_seq FROM &app
new   1: REVOKE ALL ON employees_seq FROM install_hr
REVOKE ALL ON employees_seq FROM install_hr
                                 *
ERROR at line 1:
ORA-01917: user or role 'INSTALL_HR' does not exist


Drop update_date, then ttid from employees

Table altered.


Table altered.

Drop err$_employees

Table dropped.


'END:'||TO_CHAR(SYSDATE,'DD-MON-YY
----------------------------------
End: 24-SEP-2019 07:06:23

